<?xml version="1.0" encoding="UTF-8"?>
<!-- Generated by org.testng.reporters.JUnitReportReporter -->
<testsuite skipped="0" hostname="MSI" name="testCases.CreateOneProduct" tests="3" failures="0" timestamp="23 Aug 2022 17:56:14 GMT" time="2.938" errors="0">
  <testcase name="createOneProduct" time="1.656" classname="testCases.CreateOneProduct"/>
  <testcase name="getFirstProductID" time="0.802" classname="testCases.CreateOneProduct"/>
  <testcase name="validateProductDetails" time="0.480" classname="testCases.CreateOneProduct"/>
</testsuite> <!-- testCases.CreateOneProduct -->
