<?xml version="1.0" encoding="UTF-8"?>
<!-- Generated by org.testng.reporters.JUnitReportReporter -->
<testsuite skipped="0" hostname="MSI" name="testCases.UpdateOneProduct" tests="2" failures="0" timestamp="23 Aug 2022 17:58:53 GMT" time="2.071" errors="0">
  <testcase name="updateOneProduct" time="1.654" classname="testCases.UpdateOneProduct"/>
  <testcase name="validateProductUpdateDetails" time="0.417" classname="testCases.UpdateOneProduct"/>
</testsuite> <!-- testCases.UpdateOneProduct -->
