<?xml version="1.0" encoding="UTF-8"?>
<!-- Generated by org.testng.reporters.JUnitReportReporter -->
<testsuite skipped="0" hostname="MSI" name="testCases.ReadAllProducts" tests="1" failures="0" timestamp="23 Aug 2022 17:41:44 GMT" time="1.825" errors="0">
  <testcase name="readAllProducts" time="1.825" classname="testCases.ReadAllProducts"/>
</testsuite> <!-- testCases.ReadAllProducts -->
