<?xml version="1.0" encoding="UTF-8"?>
<!-- Generated by org.testng.reporters.JUnitReportReporter -->
<testsuite skipped="0" hostname="MSI" name="testCases.DeleteOneProduct" tests="2" failures="0" timestamp="23 Aug 2022 17:52:33 GMT" time="3.350" errors="0">
  <testcase name="deleteOneProduct" time="2.149" classname="testCases.DeleteOneProduct"/>
  <testcase name="validateProductDeleteDetails" time="1.201" classname="testCases.DeleteOneProduct"/>
</testsuite> <!-- testCases.DeleteOneProduct -->
