<?xml version="1.0" encoding="UTF-8"?>
<!-- Generated by org.testng.reporters.JUnitReportReporter -->
<testsuite skipped="0" hostname="MSI" name="testCases.ReadOneProduct" tests="1" failures="0" timestamp="23 Aug 2022 17:56:52 GMT" time="1.391" errors="0">
  <testcase name="readOneProduct" time="1.391" classname="testCases.ReadOneProduct"/>
</testsuite> <!-- testCases.ReadOneProduct -->
